<?xml version="1.0" encoding="UTF-8"?>
<testsuite name="com.jinius.ecommerce.user.domain.ReadUserPointServiceTest" tests="2" skipped="0" failures="0" errors="0" timestamp="2024-04-24T10:49:17" hostname="LAPTOP-FVJO1880" time="1.828">
  <properties/>
  <testcase name="유저가 DB에 없는 경우, Exception(NOT_FOUND_USER) 반환" classname="com.jinius.ecommerce.user.domain.ReadUserPointServiceTest" time="1.82"/>
  <testcase name="유저 포인트 조회 성공" classname="com.jinius.ecommerce.user.domain.ReadUserPointServiceTest" time="0.007"/>
  <system-out><![CDATA[]]></system-out>
  <system-err><![CDATA[]]></system-err>
</testsuite>
